  源.cpp
c:\users\fuyun\desktop\screen\project529 morning - 副本\project529 morning\源.cpp(21): warning C4244: “参数”: 从“int”转换到“float”，可能丢失数据
c:\users\fuyun\desktop\screen\project529 morning - 副本\project529 morning\源.cpp(24): warning C4244: “=”: 从“float”转换到“int”，可能丢失数据
c:\users\fuyun\desktop\screen\project529 morning - 副本\project529 morning\源.cpp(25): warning C4244: “=”: 从“float”转换到“int”，可能丢失数据
c:\users\fuyun\desktop\screen\project529 morning - 副本\project529 morning\源.cpp(82): warning C4244: “参数”: 从“double”转换到“int”，可能丢失数据
c:\users\fuyun\desktop\screen\project529 morning - 副本\project529 morning\源.cpp(88): warning C4244: “参数”: 从“double”转换到“int”，可能丢失数据
c:\users\fuyun\desktop\screen\project529 morning - 副本\project529 morning\源.cpp(104): warning C4244: “参数”: 从“double”转换到“int”，可能丢失数据
c:\users\fuyun\desktop\screen\project529 morning - 副本\project529 morning\源.cpp(110): warning C4244: “参数”: 从“double”转换到“int”，可能丢失数据
c:\users\fuyun\desktop\screen\project529 morning - 副本\project529 morning\源.cpp(126): warning C4244: “参数”: 从“double”转换到“int”，可能丢失数据
c:\users\fuyun\desktop\screen\project529 morning - 副本\project529 morning\源.cpp(132): warning C4244: “参数”: 从“double”转换到“int”，可能丢失数据
c:\users\fuyun\desktop\screen\project529 morning - 副本\project529 morning\源.cpp(148): warning C4244: “参数”: 从“double”转换到“int”，可能丢失数据
c:\users\fuyun\desktop\screen\project529 morning - 副本\project529 morning\源.cpp(154): warning C4244: “参数”: 从“double”转换到“int”，可能丢失数据
c:\users\fuyun\desktop\screen\project529 morning - 副本\project529 morning\源.cpp(158): warning C4244: “=”: 从“double”转换到“int”，可能丢失数据
c:\users\fuyun\desktop\screen\project529 morning - 副本\project529 morning\源.cpp(159): warning C4244: “=”: 从“double”转换到“int”，可能丢失数据
c:\users\fuyun\desktop\screen\project529 morning - 副本\project529 morning\源.cpp(160): warning C4244: “=”: 从“double”转换到“int”，可能丢失数据
c:\users\fuyun\desktop\screen\project529 morning - 副本\project529 morning\源.cpp(161): warning C4244: “=”: 从“double”转换到“int”，可能丢失数据
c:\users\fuyun\desktop\screen\project529 morning - 副本\project529 morning\源.cpp(162): warning C4244: “=”: 从“double”转换到“int”，可能丢失数据
c:\users\fuyun\desktop\screen\project529 morning - 副本\project529 morning\源.cpp(163): warning C4244: “=”: 从“double”转换到“int”，可能丢失数据
c:\users\fuyun\desktop\screen\project529 morning - 副本\project529 morning\源.cpp(164): warning C4244: “=”: 从“double”转换到“int”，可能丢失数据
c:\users\fuyun\desktop\screen\project529 morning - 副本\project529 morning\源.cpp(165): warning C4244: “=”: 从“double”转换到“int”，可能丢失数据
c:\users\fuyun\desktop\screen\project529 morning - 副本\project529 morning\源.cpp(168): warning C4244: “参数”: 从“int”转换到“float”，可能丢失数据
c:\users\fuyun\desktop\screen\project529 morning - 副本\project529 morning\源.cpp(169): warning C4244: “参数”: 从“int”转换到“float”，可能丢失数据
c:\users\fuyun\desktop\screen\project529 morning - 副本\project529 morning\源.cpp(170): warning C4244: “参数”: 从“int”转换到“float”，可能丢失数据
c:\users\fuyun\desktop\screen\project529 morning - 副本\project529 morning\源.cpp(171): warning C4244: “参数”: 从“int”转换到“float”，可能丢失数据
c:\users\fuyun\desktop\screen\project529 morning - 副本\project529 morning\源.cpp(200): warning C4267: “初始化”: 从“size_t”转换到“int”，可能丢失数据
c:\users\fuyun\desktop\screen\project529 morning - 副本\project529 morning\源.cpp(217): warning C4267: “初始化”: 从“size_t”转换到“int”，可能丢失数据
c:\users\fuyun\desktop\screen\project529 morning - 副本\project529 morning\源.cpp(239): warning C4305: “初始化”: 从“double”到“float”截断
c:\users\fuyun\desktop\screen\project529 morning - 副本\project529 morning\源.cpp(256): warning C4305: “初始化”: 从“double”到“float”截断
c:\users\fuyun\desktop\screen\project529 morning - 副本\project529 morning\源.cpp(285): warning C4244: “=”: 从“float”转换到“uchar”，可能丢失数据
c:\users\fuyun\desktop\screen\project529 morning - 副本\project529 morning\源.cpp(286): warning C4244: “=”: 从“float”转换到“uchar”，可能丢失数据
c:\users\fuyun\desktop\screen\project529 morning - 副本\project529 morning\源.cpp(327): warning C4244: “=”: 从“double”转换到“int”，可能丢失数据
c:\users\fuyun\desktop\screen\project529 morning - 副本\project529 morning\源.cpp(331): warning C4244: “=”: 从“double”转换到“int”，可能丢失数据
c:\users\fuyun\desktop\screen\project529 morning - 副本\project529 morning\源.cpp(335): warning C4244: “=”: 从“double”转换到“int”，可能丢失数据
c:\users\fuyun\desktop\screen\project529 morning - 副本\project529 morning\源.cpp(337): warning C4244: “=”: 从“double”转换到“int”，可能丢失数据
c:\users\fuyun\desktop\screen\project529 morning - 副本\project529 morning\源.cpp(339): warning C4244: “=”: 从“double”转换到“int”，可能丢失数据
c:\users\fuyun\desktop\screen\project529 morning - 副本\project529 morning\源.cpp(341): warning C4244: “=”: 从“double”转换到“int”，可能丢失数据
c:\users\fuyun\desktop\screen\project529 morning - 副本\project529 morning\源.cpp(407): warning C4267: “初始化”: 从“size_t”转换到“int”，可能丢失数据
c:\users\fuyun\desktop\screen\project529 morning - 副本\project529 morning\源.cpp(615): warning C4244: “=”: 从“double”转换到“int”，可能丢失数据
c:\users\fuyun\desktop\screen\project529 morning - 副本\project529 morning\源.cpp(617): warning C4244: “=”: 从“double”转换到“int”，可能丢失数据
  Project529 morning.vcxproj -> C:\Users\fuyun\Desktop\screen\Project529 morning - 副本\x64\Debug\Project529 morning.exe
  Project529 morning.vcxproj -> C:\Users\fuyun\Desktop\screen\Project529 morning - 副本\x64\Debug\Project529 morning.pdb (Partial PDB)
